\BOOKMARK [2][-]{subsection.0.1}{\376\377\003\243\003\305\003\275\003\277\003\273\003\271\003\272\003\314\000\040\003\274\003\277\003\275\003\304\003\255\003\273\003\277\000\040\003\300\003\265\003\301\003\271\003\300\003\304\003\316\003\303\003\265\003\311\003\275\000\040\003\307\003\301\003\256\003\303\003\267\003\302}{}% 1
\BOOKMARK [2][-]{subsection.0.2}{\376\377\003\225\003\276\003\261\003\304\003\277\003\274\003\257\003\272\003\265\003\305\003\303\003\267\000\040\003\300\003\301\003\277\003\263\003\301\003\254\003\274\003\274\003\261\003\304\003\277\003\302}{}% 2
\BOOKMARK [2][-]{subsection.0.3}{\376\377\003\221\003\263\003\277\003\301\003\254\000\040\003\261\003\275\003\304\003\271\003\272\003\265\003\271\003\274\003\255\003\275\003\277\003\305}{}% 3
\BOOKMARK [2][-]{subsection.0.4}{\376\377\003\234\003\254\003\307\003\267\000\040\003\277\003\274\003\254\003\264\003\261\003\302}{}% 4
\BOOKMARK [2][-]{subsection.0.5}{\376\377\003\243\003\315\003\303\003\304\003\267\003\274\003\261\000\040\003\274\003\254\003\307\003\267\003\302}{}% 5
\BOOKMARK [2][-]{subsection.0.6}{\376\377\003\247\003\254\003\301\003\304\003\267\003\302\000\040\003\300\003\265\003\301\003\271\003\300\003\255\003\304\003\265\003\271\003\261\003\302}{}% 6
\BOOKMARK [2][-]{subsection.0.7}{\376\377\003\243\003\261\003\272\003\257\003\264\003\271\003\277\000\040\003\261\003\275\003\304\003\271\003\272\003\265\003\271\003\274\003\255\003\275\003\311\003\275}{}% 7
\BOOKMARK [2][-]{subsection.0.8}{\376\377\003\224\003\267\003\274\003\271\003\277\003\305\003\301\003\263\003\257\003\261\000\040\003\277\003\274\003\254\003\264\003\261\003\302}{}% 8
\BOOKMARK [2][-]{subsection.0.9}{\376\377\003\233\003\257\003\303\003\304\003\261\000\040\003\306\003\257\003\273\003\311\003\275}{}% 9
\BOOKMARK [1][-]{section.1}{\376\377\003\240\003\271\003\270\003\261\003\275\003\277\003\257\000\040\003\307\003\265\003\271\003\301\003\271\003\303\003\304\003\255\003\302}{}% 10
\BOOKMARK [1][-]{section.2}{\376\377\003\240\003\265\003\301\003\271\003\300\003\304\003\316\003\303\003\265\003\271\003\302\000\040\003\307\003\301\003\256\003\303\003\267\003\302\000\040\003\300\003\277\003\305\000\040\003\270\003\261\000\040\003\305\003\273\003\277\003\300\003\277\003\271\003\267\003\270\003\277\003\315\003\275}{}% 11
\BOOKMARK [1][-]{section.3}{\376\377\003\243\003\305\003\275\003\277\003\273\003\271\003\272\003\314\000\040\003\274\003\277\003\275\003\304\003\255\003\273\003\277\000\040\003\300\003\265\003\301\003\271\003\300\003\304\003\316\003\303\003\265\003\311\003\275\000\040\003\307\003\301\003\256\003\303\003\267\003\302}{}% 12
\BOOKMARK [1][-]{section.4}{\376\377\003\232\003\265\003\257\003\274\003\265\003\275\003\261\000\040\003\300\003\265\003\301\003\271\003\300\003\304\003\316\003\303\003\265\003\311\003\275\000\040\003\307\003\301\003\256\003\303\003\267\003\302}{}% 13
\BOOKMARK [2][-]{subsection.4.1}{\376\377\003\225\003\276\003\261\003\304\003\277\003\274\003\257\003\272\003\265\003\305\003\303\003\267\000\040\003\300\003\301\003\277\003\263\003\301\003\254\003\274\003\274\003\261\003\304\003\277\003\302}{section.4}% 14
\BOOKMARK [2][-]{subsection.4.2}{\376\377\003\221\003\263\003\277\003\301\003\254\000\040\003\261\003\275\003\304\003\271\003\272\003\265\003\271\003\274\003\255\003\275\003\277\003\305}{section.4}% 15
\BOOKMARK [2][-]{subsection.4.3}{\376\377\003\234\003\254\003\307\003\267\000\040\003\277\003\274\003\254\003\264\003\261\003\302}{section.4}% 16
\BOOKMARK [2][-]{subsection.4.4}{\376\377\003\243\003\315\003\303\003\304\003\267\003\274\003\261\000\040\003\274\003\254\003\307\003\267\003\302}{section.4}% 17
\BOOKMARK [2][-]{subsection.4.5}{\376\377\003\247\003\254\003\301\003\304\003\267\003\302\000\040\003\300\003\265\003\301\003\271\003\300\003\255\003\304\003\265\003\271\003\261\003\302}{section.4}% 18
\BOOKMARK [2][-]{subsection.4.6}{\376\377\003\243\003\261\003\272\003\257\003\264\003\271\003\277\000\040\003\261\003\275\003\304\003\271\003\272\003\265\003\271\003\274\003\255\003\275\003\311\003\275}{section.4}% 19
\BOOKMARK [2][-]{subsection.4.7}{\376\377\003\224\003\267\003\274\003\271\003\277\003\305\003\301\003\263\003\257\003\261\000\040\003\277\003\274\003\254\003\264\003\261\003\302}{section.4}% 20
\BOOKMARK [2][-]{subsection.4.8}{\376\377\003\243\003\304\003\301\003\261\003\304\003\314\003\300\003\265\003\264\003\277\000\040\003\277\003\274\003\254\003\264\003\261\003\302}{section.4}% 21
\BOOKMARK [2][-]{subsection.4.9}{\376\377\003\233\003\257\003\303\003\304\003\261\000\040\003\306\003\257\003\273\003\311\003\275}{section.4}% 22
\BOOKMARK [1][-]{section.5}{\376\377\003\233\003\277\003\271\003\300\003\255\003\302\000\040\003\300\003\265\003\301\003\271\003\300\003\304\003\316\003\303\003\265\003\271\003\302\000\040\003\307\003\301\003\256\003\303\003\267\003\302}{}% 23
\BOOKMARK [2][-]{subsection.5.1}{\376\377\003\240\003\301\003\277\003\262\003\277\003\273\003\256\000\040\003\303\003\304\003\261\003\304\003\271\003\303\003\304\003\271\003\272\003\316\003\275}{section.5}% 24
\BOOKMARK [2][-]{subsection.5.2}{\376\377\003\240\003\316\003\273\003\267\003\303\003\267\000\040\003\261\003\275\003\304\003\271\003\272\003\265\003\271\003\274\003\255\003\275\003\277\003\305}{section.5}% 25
\BOOKMARK [2][-]{subsection.5.3}{\376\377\003\245\003\300\003\277\003\262\003\277\003\273\003\256\000\040\000t\000i\000c\000k\000e\000t\000\040\003\305\003\300\003\277\003\303\003\304\003\256\003\301\003\271\003\276\003\267\003\302}{section.5}% 26
\BOOKMARK [2][-]{subsection.5.4}{\376\377\003\221\003\275\003\257\003\307\003\275\003\265\003\305\003\303\003\267\000\040\003\265\003\300\003\261\003\275\003\261\003\273\003\256\003\310\003\265\003\311\003\275}{section.5}% 27
\BOOKMARK [2][-]{subsection.5.5}{\376\377\003\225\003\300\003\257\003\300\003\273\003\267\003\276\003\267\000\040\003\300\003\261\003\257\003\272\003\304\003\267}{section.5}% 28
\BOOKMARK [2][-]{subsection.5.6}{\376\377\003\225\003\300\003\265\003\276\003\265\003\301\003\263\003\261\003\303\003\257\003\261\000\040\003\303\003\254\003\272\003\277\003\305\000\040\003\300\003\261\003\257\003\272\003\304\003\267}{section.5}% 29
\BOOKMARK [2][-]{subsection.5.7}{\376\377\003\221\003\275\003\254\003\273\003\267\003\310\003\267\000\040\000t\000i\000c\000k\000e\000t\000\040\003\305\003\300\003\277\003\303\003\304\003\256\003\301\003\271\003\276\003\267\003\302}{section.5}% 30
\BOOKMARK [2][-]{subsection.5.8}{\376\377\003\221\003\275\003\254\003\272\003\304\003\267\003\303\003\267\000\040\003\265\003\275\003\265\003\301\003\263\003\316\003\275\000\040\000t\000i\000c\000k\000e\000t\000\040\003\305\003\300\003\277\003\303\003\304\003\256\003\301\003\271\003\276\003\267\003\302}{section.5}% 31
\BOOKMARK [2][-]{subsection.5.9}{\376\377\003\241\003\315\003\270\003\274\003\271\003\303\003\267\000\040\003\273\003\265\003\271\003\304\003\277\003\305\003\301\003\263\003\257\003\261\003\302\000\040\003\264\003\271\003\261\003\272\003\277\003\303\003\274\003\271\003\304\003\256}{section.5}% 32
\BOOKMARK [2][-]{subsection.5.10}{\376\377\003\221\003\275\003\257\003\307\003\275\003\265\003\305\003\303\003\267\000\040\003\265\003\300\003\261\003\275\003\261\003\273\003\256\003\310\003\265\003\311\003\275}{section.5}% 33
\BOOKMARK [1][-]{section.6}{\376\377\003\222\003\271\003\262\003\273\003\271\003\277\003\263\003\301\003\261\003\306\003\257\003\261}{}% 34
